{"/home/runner/work/swearjar/swearjar/api/src/functions/logSwear.js": {"path":"/home/runner/work/swearjar/swearjar/api/src/functions/logSwear.js","statementMap":{"0":{"start":{"line":1,"column":15},"end":{"line":1,"column":37}},"1":{"start":{"line":2,"column":27},"end":{"line":2,"column":56}},"2":{"start":{"line":3,"column":31},"end":{"line":3,"column":58}},"3":{"start":{"line":4,"column":21},"end":{"line":4,"column":43}},"4":{"start":{"line":7,"column":2},"end":{"line":7,"column":31}},"5":{"start":{"line":11,"column":2},"end":{"line":11,"column":61}},"6":{"start":{"line":15,"column":2},"end":{"line":22,"column":3}},"7":{"start":{"line":16,"column":4},"end":{"line":21,"column":5}},"8":{"start":{"line":17,"column":21},"end":{"line":17,"column":41}},"9":{"start":{"line":18,"column":6},"end":{"line":18,"column":64}},"10":{"start":{"line":24,"column":2},"end":{"line":26,"column":3}},"11":{"start":{"line":25,"column":4},"end":{"line":25,"column":14}},"12":{"start":{"line":28,"column":2},"end":{"line":34,"column":3}},"13":{"start":{"line":33,"column":4},"end":{"line":33,"column":24}},"14":{"start":{"line":36,"column":2},"end":{"line":42,"column":3}},"15":{"start":{"line":37,"column":4},"end":{"line":41,"column":5}},"16":{"start":{"line":38,"column":6},"end":{"line":38,"column":38}},"17":{"start":{"line":40,"column":6},"end":{"line":40,"column":58}},"18":{"start":{"line":44,"column":2},"end":{"line":44,"column":54}},"19":{"start":{"line":48,"column":2},"end":{"line":90,"column":3}},"20":{"start":{"line":49,"column":17},"end":{"line":49,"column":41}},"21":{"start":{"line":50,"column":19},"end":{"line":50,"column":76}},"22":{"start":{"line":52,"column":4},"end":{"line":54,"column":5}},"23":{"start":{"line":53,"column":6},"end":{"line":53,"column":97}},"24":{"start":{"line":57,"column":4},"end":{"line":61,"column":5}},"25":{"start":{"line":58,"column":6},"end":{"line":58,"column":54}},"26":{"start":{"line":60,"column":6},"end":{"line":60,"column":90}},"27":{"start":{"line":63,"column":25},"end":{"line":63,"column":69}},"28":{"start":{"line":64,"column":19},"end":{"line":64,"column":52}},"29":{"start":{"line":66,"column":19},"end":{"line":73,"column":5}},"30":{"start":{"line":75,"column":24},"end":{"line":75,"column":46}},"31":{"start":{"line":76,"column":4},"end":{"line":76,"column":43}},"32":{"start":{"line":78,"column":4},"end":{"line":83,"column":12}},"33":{"start":{"line":85,"column":4},"end":{"line":87,"column":5}},"34":{"start":{"line":86,"column":6},"end":{"line":86,"column":77}},"35":{"start":{"line":88,"column":4},"end":{"line":88,"column":43}},"36":{"start":{"line":89,"column":4},"end":{"line":89,"column":82}},"37":{"start":{"line":93,"column":0},"end":{"line":95,"column":2}}},"fnMap":{"0":{"name":"buildPartitionKey","decl":{"start":{"line":6,"column":9},"end":{"line":6,"column":26}},"loc":{"start":{"line":6,"column":43},"end":{"line":8,"column":1}},"line":6},"1":{"name":"buildRowKey","decl":{"start":{"line":10,"column":9},"end":{"line":10,"column":20}},"loc":{"start":{"line":10,"column":32},"end":{"line":12,"column":1}},"line":10},"2":{"name":"parseBody","decl":{"start":{"line":14,"column":15},"end":{"line":14,"column":24}},"loc":{"start":{"line":14,"column":34},"end":{"line":45,"column":1}},"line":14},"3":{"name":"logSwearHandler","decl":{"start":{"line":47,"column":15},"end":{"line":47,"column":30}},"loc":{"start":{"line":47,"column":49},"end":{"line":91,"column":1}},"line":47}},"branchMap":{"0":{"loc":{"start":{"line":15,"column":2},"end":{"line":22,"column":3}},"type":"if","locations":[{"start":{"line":15,"column":2},"end":{"line":22,"column":3}},{"start":{},"end":{}}],"line":15},"1":{"loc":{"start":{"line":18,"column":13},"end":{"line":18,"column":63}},"type":"cond-expr","locations":[{"start":{"line":18,"column":52},"end":{"line":18,"column":58}},{"start":{"line":18,"column":61},"end":{"line":18,"column":63}}],"line":18},"2":{"loc":{"start":{"line":18,"column":13},"end":{"line":18,"column":49}},"type":"binary-expr","locations":[{"start":{"line":18,"column":13},"end":{"line":18,"column":19}},{"start":{"line":18,"column":23},"end":{"line":18,"column":49}}],"line":18},"3":{"loc":{"start":{"line":24,"column":2},"end":{"line":26,"column":3}},"type":"if","locations":[{"start":{"line":24,"column":2},"end":{"line":26,"column":3}},{"start":{},"end":{}}],"line":24},"4":{"loc":{"start":{"line":28,"column":2},"end":{"line":34,"column":3}},"type":"if","locations":[{"start":{"line":28,"column":2},"end":{"line":34,"column":3}},{"start":{},"end":{}}],"line":28},"5":{"loc":{"start":{"line":29,"column":4},"end":{"line":31,"column":34}},"type":"binary-expr","locations":[{"start":{"line":29,"column":4},"end":{"line":29,"column":36}},{"start":{"line":30,"column":4},"end":{"line":30,"column":25}},{"start":{"line":31,"column":4},"end":{"line":31,"column":34}}],"line":29},"6":{"loc":{"start":{"line":36,"column":2},"end":{"line":42,"column":3}},"type":"if","locations":[{"start":{"line":36,"column":2},"end":{"line":42,"column":3}},{"start":{},"end":{}}],"line":36},"7":{"loc":{"start":{"line":50,"column":19},"end":{"line":50,"column":76}},"type":"cond-expr","locations":[{"start":{"line":50,"column":53},"end":{"line":50,"column":71}},{"start":{"line":50,"column":74},"end":{"line":50,"column":76}}],"line":50},"8":{"loc":{"start":{"line":52,"column":4},"end":{"line":54,"column":5}},"type":"if","locations":[{"start":{"line":52,"column":4},"end":{"line":54,"column":5}},{"start":{},"end":{}}],"line":52},"9":{"loc":{"start":{"line":85,"column":4},"end":{"line":87,"column":5}},"type":"if","locations":[{"start":{"line":85,"column":4},"end":{"line":87,"column":5}},{"start":{},"end":{}}],"line":85}},"s":{"0":1,"1":1,"2":1,"3":1,"4":4,"5":4,"6":8,"7":8,"8":8,"9":7,"10":1,"11":1,"12":0,"13":0,"14":0,"15":0,"16":0,"17":0,"18":0,"19":8,"20":8,"21":8,"22":8,"23":3,"24":5,"25":5,"26":1,"27":4,"28":4,"29":4,"30":4,"31":4,"32":3,"33":1,"34":0,"35":1,"36":1,"37":1},"f":{"0":4,"1":4,"2":8,"3":8},"b":{"0":[8,0],"1":[7,0],"2":[7,7],"3":[1,0],"4":[0,0],"5":[0,0,0],"6":[0,0],"7":[6,2],"8":[3,5],"9":[0,1]},"_coverageSchema":"1a1c01bbd47fc00a2c39e90264f33305004495a9","hash":"c2ceb270110bc200ab17f33dd82d0f35097781b9"}
,"/home/runner/work/swearjar/swearjar/api/src/functions/resetJar.js": {"path":"/home/runner/work/swearjar/swearjar/api/src/functions/resetJar.js","statementMap":{"0":{"start":{"line":1,"column":27},"end":{"line":1,"column":56}},"1":{"start":{"line":2,"column":21},"end":{"line":2,"column":43}},"2":{"start":{"line":3,"column":24},"end":{"line":3,"column":47}},"3":{"start":{"line":6,"column":2},"end":{"line":41,"column":3}},"4":{"start":{"line":8,"column":4},"end":{"line":13,"column":5}},"5":{"start":{"line":9,"column":19},"end":{"line":9,"column":39}},"6":{"start":{"line":10,"column":6},"end":{"line":10,"column":73}},"7":{"start":{"line":12,"column":6},"end":{"line":12,"column":18}},"8":{"start":{"line":15,"column":4},"end":{"line":17,"column":5}},"9":{"start":{"line":16,"column":6},"end":{"line":16,"column":97}},"10":{"start":{"line":19,"column":24},"end":{"line":19,"column":43}},"11":{"start":{"line":20,"column":27},"end":{"line":20,"column":54}},"12":{"start":{"line":21,"column":25},"end":{"line":21,"column":52}},"13":{"start":{"line":23,"column":24},"end":{"line":23,"column":46}},"14":{"start":{"line":24,"column":21},"end":{"line":29,"column":6}},"15":{"start":{"line":31,"column":18},"end":{"line":31,"column":19}},"16":{"start":{"line":32,"column":4},"end":{"line":35,"column":5}},"17":{"start":{"line":33,"column":6},"end":{"line":33,"column":73}},"18":{"start":{"line":34,"column":6},"end":{"line":34,"column":19}},"19":{"start":{"line":37,"column":4},"end":{"line":37,"column":27}},"20":{"start":{"line":39,"column":4},"end":{"line":39,"column":43}},"21":{"start":{"line":40,"column":4},"end":{"line":40,"column":76}},"22":{"start":{"line":44,"column":0},"end":{"line":46,"column":2}}},"fnMap":{"0":{"name":"resetJarHandler","decl":{"start":{"line":5,"column":15},"end":{"line":5,"column":30}},"loc":{"start":{"line":5,"column":49},"end":{"line":42,"column":1}},"line":5}},"branchMap":{"0":{"loc":{"start":{"line":10,"column":15},"end":{"line":10,"column":72}},"type":"cond-expr","locations":[{"start":{"line":10,"column":49},"end":{"line":10,"column":67}},{"start":{"line":10,"column":70},"end":{"line":10,"column":72}}],"line":10},"1":{"loc":{"start":{"line":15,"column":4},"end":{"line":17,"column":5}},"type":"if","locations":[{"start":{"line":15,"column":4},"end":{"line":17,"column":5}},{"start":{},"end":{}}],"line":15}},"s":{"0":1,"1":1,"2":1,"3":7,"4":7,"5":7,"6":6,"7":1,"8":7,"9":3,"10":4,"11":4,"12":4,"13":4,"14":4,"15":3,"16":3,"17":4,"18":3,"19":2,"20":2,"21":2,"22":1},"f":{"0":7},"b":{"0":[5,1],"1":[3,4]},"_coverageSchema":"1a1c01bbd47fc00a2c39e90264f33305004495a9","hash":"bcbcc99bc78b2fcc59686d50678886e8494b8ea7"}
,"/home/runner/work/swearjar/swearjar/api/src/functions/summary.js": {"path":"/home/runner/work/swearjar/swearjar/api/src/functions/summary.js","statementMap":{"0":{"start":{"line":1,"column":27},"end":{"line":1,"column":56}},"1":{"start":{"line":2,"column":21},"end":{"line":2,"column":48}},"2":{"start":{"line":3,"column":21},"end":{"line":3,"column":43}},"3":{"start":{"line":4,"column":24},"end":{"line":4,"column":47}},"4":{"start":{"line":7,"column":12},"end":{"line":7,"column":38}},"5":{"start":{"line":8,"column":2},"end":{"line":8,"column":49}},"6":{"start":{"line":12,"column":2},"end":{"line":63,"column":3}},"7":{"start":{"line":13,"column":19},"end":{"line":13,"column":61}},"8":{"start":{"line":14,"column":4},"end":{"line":16,"column":5}},"9":{"start":{"line":15,"column":6},"end":{"line":15,"column":82}},"10":{"start":{"line":18,"column":25},"end":{"line":18,"column":81}},"11":{"start":{"line":19,"column":24},"end":{"line":19,"column":43}},"12":{"start":{"line":20,"column":27},"end":{"line":20,"column":54}},"13":{"start":{"line":21,"column":25},"end":{"line":21,"column":52}},"14":{"start":{"line":23,"column":24},"end":{"line":23,"column":46}},"15":{"start":{"line":24,"column":21},"end":{"line":28,"column":6}},"16":{"start":{"line":30,"column":22},"end":{"line":30,"column":24}},"17":{"start":{"line":31,"column":24},"end":{"line":31,"column":25}},"18":{"start":{"line":32,"column":18},"end":{"line":32,"column":28}},"19":{"start":{"line":33,"column":21},"end":{"line":33,"column":22}},"20":{"start":{"line":35,"column":4},"end":{"line":42,"column":5}},"21":{"start":{"line":36,"column":21},"end":{"line":36,"column":79}},"22":{"start":{"line":37,"column":6},"end":{"line":37,"column":55}},"23":{"start":{"line":38,"column":6},"end":{"line":38,"column":25}},"24":{"start":{"line":39,"column":6},"end":{"line":41,"column":7}},"25":{"start":{"line":40,"column":8},"end":{"line":40,"column":24}},"26":{"start":{"line":45,"column":23},"end":{"line":45,"column":52}},"27":{"start":{"line":46,"column":24},"end":{"line":46,"column":55}},"28":{"start":{"line":47,"column":25},"end":{"line":47,"column":27}},"29":{"start":{"line":48,"column":4},"end":{"line":50,"column":5}},"30":{"start":{"line":49,"column":6},"end":{"line":49,"column":41}},"31":{"start":{"line":52,"column":4},"end":{"line":59,"column":7}},"32":{"start":{"line":61,"column":4},"end":{"line":61,"column":42}},"33":{"start":{"line":62,"column":4},"end":{"line":62,"column":80}},"34":{"start":{"line":66,"column":0},"end":{"line":68,"column":2}}},"fnMap":{"0":{"name":"parsePositiveInt","decl":{"start":{"line":6,"column":9},"end":{"line":6,"column":25}},"loc":{"start":{"line":6,"column":43},"end":{"line":9,"column":1}},"line":6},"1":{"name":"summaryHandler","decl":{"start":{"line":11,"column":15},"end":{"line":11,"column":29}},"loc":{"start":{"line":11,"column":48},"end":{"line":64,"column":1}},"line":11}},"branchMap":{"0":{"loc":{"start":{"line":8,"column":9},"end":{"line":8,"column":48}},"type":"cond-expr","locations":[{"start":{"line":8,"column":36},"end":{"line":8,"column":44}},{"start":{"line":8,"column":47},"end":{"line":8,"column":48}}],"line":8},"1":{"loc":{"start":{"line":8,"column":9},"end":{"line":8,"column":33}},"type":"binary-expr","locations":[{"start":{"line":8,"column":9},"end":{"line":8,"column":24}},{"start":{"line":8,"column":28},"end":{"line":8,"column":33}}],"line":8},"2":{"loc":{"start":{"line":13,"column":20},"end":{"line":13,"column":53}},"type":"binary-expr","locations":[{"start":{"line":13,"column":20},"end":{"line":13,"column":47}},{"start":{"line":13,"column":51},"end":{"line":13,"column":53}}],"line":13},"3":{"loc":{"start":{"line":14,"column":4},"end":{"line":16,"column":5}},"type":"if","locations":[{"start":{"line":14,"column":4},"end":{"line":16,"column":5}},{"start":{},"end":{}}],"line":14},"4":{"loc":{"start":{"line":36,"column":21},"end":{"line":36,"column":79}},"type":"binary-expr","locations":[{"start":{"line":36,"column":21},"end":{"line":36,"column":34}},{"start":{"line":36,"column":38},"end":{"line":36,"column":79}}],"line":36},"5":{"loc":{"start":{"line":37,"column":27},"end":{"line":37,"column":49}},"type":"binary-expr","locations":[{"start":{"line":37,"column":27},"end":{"line":37,"column":44}},{"start":{"line":37,"column":48},"end":{"line":37,"column":49}}],"line":37},"6":{"loc":{"start":{"line":39,"column":6},"end":{"line":41,"column":7}},"type":"if","locations":[{"start":{"line":39,"column":6},"end":{"line":41,"column":7}},{"start":{},"end":{}}],"line":39},"7":{"loc":{"start":{"line":54,"column":20},"end":{"line":54,"column":55}},"type":"binary-expr","locations":[{"start":{"line":54,"column":20},"end":{"line":54,"column":46}},{"start":{"line":54,"column":50},"end":{"line":54,"column":55}}],"line":54}},"s":{"0":1,"1":1,"2":1,"3":1,"4":7,"5":7,"6":9,"7":9,"8":9,"9":2,"10":7,"11":7,"12":7,"13":7,"14":7,"15":7,"16":6,"17":6,"18":6,"19":6,"20":6,"21":9,"22":9,"23":9,"24":9,"25":2,"26":6,"27":6,"28":6,"29":6,"30":6,"31":6,"32":1,"33":1,"34":1},"f":{"0":7,"1":9},"b":{"0":[6,1],"1":[7,1],"2":[9,1],"3":[2,7],"4":[9,1],"5":[9,8],"6":[2,7],"7":[6,6]},"_coverageSchema":"1a1c01bbd47fc00a2c39e90264f33305004495a9","hash":"a0d7d417d1ad414d0410123f02a90459b1be61cb"}
,"/home/runner/work/swearjar/swearjar/api/src/functions/todayStats.js": {"path":"/home/runner/work/swearjar/swearjar/api/src/functions/todayStats.js","statementMap":{"0":{"start":{"line":1,"column":27},"end":{"line":1,"column":56}},"1":{"start":{"line":2,"column":37},"end":{"line":2,"column":64}},"2":{"start":{"line":3,"column":21},"end":{"line":3,"column":43}},"3":{"start":{"line":4,"column":24},"end":{"line":4,"column":47}},"4":{"start":{"line":7,"column":15},"end":{"line":7,"column":17}},"5":{"start":{"line":8,"column":2},"end":{"line":12,"column":3}},"6":{"start":{"line":8,"column":15},"end":{"line":8,"column":16}},"7":{"start":{"line":9,"column":17},"end":{"line":9,"column":27}},"8":{"start":{"line":10,"column":4},"end":{"line":10,"column":37}},"9":{"start":{"line":11,"column":4},"end":{"line":11,"column":36}},"10":{"start":{"line":13,"column":2},"end":{"line":13,"column":14}},"11":{"start":{"line":17,"column":2},"end":{"line":64,"column":3}},"12":{"start":{"line":18,"column":19},"end":{"line":18,"column":61}},"13":{"start":{"line":19,"column":4},"end":{"line":21,"column":5}},"14":{"start":{"line":20,"column":6},"end":{"line":20,"column":82}},"15":{"start":{"line":23,"column":24},"end":{"line":23,"column":43}},"16":{"start":{"line":24,"column":27},"end":{"line":24,"column":54}},"17":{"start":{"line":25,"column":25},"end":{"line":25,"column":52}},"18":{"start":{"line":27,"column":24},"end":{"line":27,"column":46}},"19":{"start":{"line":28,"column":21},"end":{"line":32,"column":6}},"20":{"start":{"line":34,"column":18},"end":{"line":34,"column":28}},"21":{"start":{"line":35,"column":24},"end":{"line":35,"column":26}},"22":{"start":{"line":36,"column":24},"end":{"line":36,"column":26}},"23":{"start":{"line":38,"column":4},"end":{"line":45,"column":5}},"24":{"start":{"line":39,"column":21},"end":{"line":39,"column":79}},"25":{"start":{"line":40,"column":6},"end":{"line":40,"column":59}},"26":{"start":{"line":42,"column":6},"end":{"line":44,"column":7}},"27":{"start":{"line":43,"column":8},"end":{"line":43,"column":97}},"28":{"start":{"line":47,"column":4},"end":{"line":47,"column":58}},"29":{"start":{"line":47,"column":31},"end":{"line":47,"column":56}},"30":{"start":{"line":49,"column":18},"end":{"line":52,"column":7}},"31":{"start":{"line":49,"column":54},"end":{"line":52,"column":5}},"32":{"start":{"line":54,"column":4},"end":{"line":60,"column":7}},"33":{"start":{"line":62,"column":4},"end":{"line":62,"column":45}},"34":{"start":{"line":63,"column":4},"end":{"line":63,"column":84}},"35":{"start":{"line":67,"column":0},"end":{"line":69,"column":2}}},"fnMap":{"0":{"name":"getLastSevenDayKeys","decl":{"start":{"line":6,"column":9},"end":{"line":6,"column":28}},"loc":{"start":{"line":6,"column":31},"end":{"line":14,"column":1}},"line":6},"1":{"name":"todayStatsHandler","decl":{"start":{"line":16,"column":15},"end":{"line":16,"column":32}},"loc":{"start":{"line":16,"column":51},"end":{"line":65,"column":1}},"line":16},"2":{"name":"(anonymous_2)","decl":{"start":{"line":47,"column":21},"end":{"line":47,"column":22}},"loc":{"start":{"line":47,"column":31},"end":{"line":47,"column":56}},"line":47},"3":{"name":"(anonymous_3)","decl":{"start":{"line":49,"column":44},"end":{"line":49,"column":45}},"loc":{"start":{"line":49,"column":54},"end":{"line":52,"column":5}},"line":49}},"branchMap":{"0":{"loc":{"start":{"line":18,"column":20},"end":{"line":18,"column":53}},"type":"binary-expr","locations":[{"start":{"line":18,"column":20},"end":{"line":18,"column":47}},{"start":{"line":18,"column":51},"end":{"line":18,"column":53}}],"line":18},"1":{"loc":{"start":{"line":19,"column":4},"end":{"line":21,"column":5}},"type":"if","locations":[{"start":{"line":19,"column":4},"end":{"line":21,"column":5}},{"start":{},"end":{}}],"line":19},"2":{"loc":{"start":{"line":39,"column":21},"end":{"line":39,"column":79}},"type":"binary-expr","locations":[{"start":{"line":39,"column":21},"end":{"line":39,"column":34}},{"start":{"line":39,"column":38},"end":{"line":39,"column":79}}],"line":39},"3":{"loc":{"start":{"line":40,"column":29},"end":{"line":40,"column":53}},"type":"binary-expr","locations":[{"start":{"line":40,"column":29},"end":{"line":40,"column":48}},{"start":{"line":40,"column":52},"end":{"line":40,"column":53}}],"line":40},"4":{"loc":{"start":{"line":42,"column":6},"end":{"line":44,"column":7}},"type":"if","locations":[{"start":{"line":42,"column":6},"end":{"line":44,"column":7}},{"start":{},"end":{}}],"line":42},"5":{"loc":{"start":{"line":43,"column":25},"end":{"line":43,"column":95}},"type":"binary-expr","locations":[{"start":{"line":43,"column":25},"end":{"line":43,"column":46}},{"start":{"line":43,"column":50},"end":{"line":43,"column":67}},{"start":{"line":43,"column":71},"end":{"line":43,"column":95}}],"line":43},"6":{"loc":{"start":{"line":51,"column":13},"end":{"line":51,"column":34}},"type":"binary-expr","locations":[{"start":{"line":51,"column":13},"end":{"line":51,"column":29}},{"start":{"line":51,"column":33},"end":{"line":51,"column":34}}],"line":51}},"s":{"0":1,"1":1,"2":1,"3":1,"4":6,"5":6,"6":6,"7":42,"8":42,"9":42,"10":6,"11":9,"12":9,"13":9,"14":2,"15":7,"16":7,"17":7,"18":7,"19":7,"20":6,"21":6,"22":6,"23":6,"24":19,"25":19,"26":19,"27":18,"28":6,"29":15,"30":6,"31":42,"32":6,"33":1,"34":1,"35":1},"f":{"0":6,"1":9,"2":15,"3":42},"b":{"0":[9,1],"1":[2,7],"2":[19,0],"3":[19,4],"4":[18,1],"5":[18,1,0],"6":[42,38]},"_coverageSchema":"1a1c01bbd47fc00a2c39e90264f33305004495a9","hash":"f4ec836f8e09db58741b04a6fb48cd99e63aab53"}
,"/home/runner/work/swearjar/swearjar/api/src/functions/undoSwear.js": {"path":"/home/runner/work/swearjar/swearjar/api/src/functions/undoSwear.js","statementMap":{"0":{"start":{"line":1,"column":27},"end":{"line":1,"column":56}},"1":{"start":{"line":2,"column":21},"end":{"line":2,"column":43}},"2":{"start":{"line":5,"column":2},"end":{"line":39,"column":3}},"3":{"start":{"line":7,"column":4},"end":{"line":11,"column":5}},"4":{"start":{"line":8,"column":6},"end":{"line":8,"column":34}},"5":{"start":{"line":10,"column":6},"end":{"line":10,"column":98}},"6":{"start":{"line":13,"column":19},"end":{"line":13,"column":76}},"7":{"start":{"line":14,"column":4},"end":{"line":16,"column":5}},"8":{"start":{"line":15,"column":6},"end":{"line":15,"column":97}},"9":{"start":{"line":18,"column":25},"end":{"line":18,"column":87}},"10":{"start":{"line":19,"column":19},"end":{"line":19,"column":61}},"11":{"start":{"line":21,"column":4},"end":{"line":23,"column":5}},"12":{"start":{"line":22,"column":6},"end":{"line":22,"column":80}},"13":{"start":{"line":25,"column":4},"end":{"line":27,"column":5}},"14":{"start":{"line":26,"column":6},"end":{"line":26,"column":80}},"15":{"start":{"line":29,"column":24},"end":{"line":29,"column":46}},"16":{"start":{"line":30,"column":4},"end":{"line":30,"column":57}},"17":{"start":{"line":32,"column":4},"end":{"line":32,"column":33}},"18":{"start":{"line":34,"column":4},"end":{"line":36,"column":5}},"19":{"start":{"line":35,"column":6},"end":{"line":35,"column":81}},"20":{"start":{"line":37,"column":4},"end":{"line":37,"column":44}},"21":{"start":{"line":38,"column":4},"end":{"line":38,"column":83}},"22":{"start":{"line":42,"column":0},"end":{"line":44,"column":2}}},"fnMap":{"0":{"name":"undoSwearHandler","decl":{"start":{"line":4,"column":15},"end":{"line":4,"column":31}},"loc":{"start":{"line":4,"column":50},"end":{"line":40,"column":1}},"line":4}},"branchMap":{"0":{"loc":{"start":{"line":13,"column":19},"end":{"line":13,"column":76}},"type":"cond-expr","locations":[{"start":{"line":13,"column":53},"end":{"line":13,"column":71}},{"start":{"line":13,"column":74},"end":{"line":13,"column":76}}],"line":13},"1":{"loc":{"start":{"line":14,"column":4},"end":{"line":16,"column":5}},"type":"if","locations":[{"start":{"line":14,"column":4},"end":{"line":16,"column":5}},{"start":{},"end":{}}],"line":14},"2":{"loc":{"start":{"line":18,"column":25},"end":{"line":18,"column":87}},"type":"cond-expr","locations":[{"start":{"line":18,"column":65},"end":{"line":18,"column":82}},{"start":{"line":18,"column":85},"end":{"line":18,"column":87}}],"line":18},"3":{"loc":{"start":{"line":19,"column":19},"end":{"line":19,"column":61}},"type":"cond-expr","locations":[{"start":{"line":19,"column":49},"end":{"line":19,"column":56}},{"start":{"line":19,"column":59},"end":{"line":19,"column":61}}],"line":19},"4":{"loc":{"start":{"line":21,"column":4},"end":{"line":23,"column":5}},"type":"if","locations":[{"start":{"line":21,"column":4},"end":{"line":23,"column":5}},{"start":{},"end":{}}],"line":21},"5":{"loc":{"start":{"line":21,"column":8},"end":{"line":21,"column":32}},"type":"binary-expr","locations":[{"start":{"line":21,"column":8},"end":{"line":21,"column":21}},{"start":{"line":21,"column":25},"end":{"line":21,"column":32}}],"line":21},"6":{"loc":{"start":{"line":25,"column":4},"end":{"line":27,"column":5}},"type":"if","locations":[{"start":{"line":25,"column":4},"end":{"line":27,"column":5}},{"start":{},"end":{}}],"line":25},"7":{"loc":{"start":{"line":34,"column":4},"end":{"line":36,"column":5}},"type":"if","locations":[{"start":{"line":34,"column":4},"end":{"line":36,"column":5}},{"start":{},"end":{}}],"line":34}},"s":{"0":1,"1":1,"2":9,"3":9,"4":9,"5":1,"6":8,"7":8,"8":2,"9":6,"10":6,"11":6,"12":2,"13":4,"14":1,"15":3,"16":3,"17":1,"18":2,"19":1,"20":1,"21":1,"22":1},"f":{"0":9},"b":{"0":[7,1],"1":[2,6],"2":[5,1],"3":[5,1],"4":[2,4],"5":[6,5],"6":[1,3],"7":[1,1]},"_coverageSchema":"1a1c01bbd47fc00a2c39e90264f33305004495a9","hash":"63a3afafeb17c0cffc95d01120d3809813ce4a22"}
,"/home/runner/work/swearjar/swearjar/api/src/lib/dateUtils.js": {"path":"/home/runner/work/swearjar/swearjar/api/src/lib/dateUtils.js","statementMap":{"0":{"start":{"line":6,"column":23},"end":{"line":6,"column":74}},"1":{"start":{"line":9,"column":2},"end":{"line":11,"column":3}},"2":{"start":{"line":10,"column":4},"end":{"line":10,"column":22}},"3":{"start":{"line":13,"column":17},"end":{"line":13,"column":32}},"4":{"start":{"line":14,"column":2},"end":{"line":16,"column":3}},"5":{"start":{"line":15,"column":4},"end":{"line":15,"column":83}},"6":{"start":{"line":18,"column":2},"end":{"line":18,"column":16}},"7":{"start":{"line":22,"column":15},"end":{"line":22,"column":86}},"8":{"start":{"line":23,"column":16},"end":{"line":23,"column":89}},"9":{"start":{"line":24,"column":14},"end":{"line":24,"column":77}},"10":{"start":{"line":26,"column":2},"end":{"line":26,"column":77}},"11":{"start":{"line":26,"column":39},"end":{"line":26,"column":65}},"12":{"start":{"line":30,"column":20},"end":{"line":30,"column":33}},"13":{"start":{"line":31,"column":2},"end":{"line":35,"column":4}},"14":{"start":{"line":39,"column":2},"end":{"line":39,"column":36}},"15":{"start":{"line":42,"column":0},"end":{"line":46,"column":2}}},"fnMap":{"0":{"name":"toDate","decl":{"start":{"line":8,"column":9},"end":{"line":8,"column":15}},"loc":{"start":{"line":8,"column":23},"end":{"line":19,"column":1}},"line":8},"1":{"name":"formatDatePart","decl":{"start":{"line":21,"column":9},"end":{"line":21,"column":23}},"loc":{"start":{"line":21,"column":30},"end":{"line":27,"column":1}},"line":21},"2":{"name":"(anonymous_2)","decl":{"start":{"line":26,"column":32},"end":{"line":26,"column":33}},"loc":{"start":{"line":26,"column":39},"end":{"line":26,"column":65}},"line":26},"3":{"name":"normalizeTimestamp","decl":{"start":{"line":29,"column":9},"end":{"line":29,"column":27}},"loc":{"start":{"line":29,"column":35},"end":{"line":36,"column":1}},"line":29},"4":{"name":"todayKey","decl":{"start":{"line":38,"column":9},"end":{"line":38,"column":17}},"loc":{"start":{"line":38,"column":20},"end":{"line":40,"column":1}},"line":38}},"branchMap":{"0":{"loc":{"start":{"line":6,"column":24},"end":{"line":6,"column":59}},"type":"binary-expr","locations":[{"start":{"line":6,"column":24},"end":{"line":6,"column":50}},{"start":{"line":6,"column":54},"end":{"line":6,"column":59}}],"line":6},"1":{"loc":{"start":{"line":9,"column":2},"end":{"line":11,"column":3}},"type":"if","locations":[{"start":{"line":9,"column":2},"end":{"line":11,"column":3}},{"start":{},"end":{}}],"line":9},"2":{"loc":{"start":{"line":14,"column":2},"end":{"line":16,"column":3}},"type":"if","locations":[{"start":{"line":14,"column":2},"end":{"line":16,"column":3}},{"start":{},"end":{}}],"line":14},"3":{"loc":{"start":{"line":22,"column":15},"end":{"line":22,"column":86}},"type":"cond-expr","locations":[{"start":{"line":22,"column":44},"end":{"line":22,"column":62}},{"start":{"line":22,"column":65},"end":{"line":22,"column":86}}],"line":22},"4":{"loc":{"start":{"line":23,"column":16},"end":{"line":23,"column":89}},"type":"cond-expr","locations":[{"start":{"line":23,"column":45},"end":{"line":23,"column":64}},{"start":{"line":23,"column":67},"end":{"line":23,"column":89}}],"line":23},"5":{"loc":{"start":{"line":24,"column":14},"end":{"line":24,"column":77}},"type":"cond-expr","locations":[{"start":{"line":24,"column":43},"end":{"line":24,"column":57}},{"start":{"line":24,"column":60},"end":{"line":24,"column":77}}],"line":24}},"s":{"0":13,"1":10,"2":5,"3":5,"4":5,"5":2,"6":3,"7":67,"8":67,"9":67,"10":67,"11":201,"12":10,"13":8,"14":14,"15":13},"f":{"0":10,"1":67,"2":201,"3":10,"4":14},"b":{"0":[13,12],"1":[5,5],"2":[2,3],"3":[1,66],"4":[1,66],"5":[1,66]},"_coverageSchema":"1a1c01bbd47fc00a2c39e90264f33305004495a9","hash":"ff646443a501a422844130647c69765b86b1abd9"}
,"/home/runner/work/swearjar/swearjar/api/src/lib/http.js": {"path":"/home/runner/work/swearjar/swearjar/api/src/lib/http.js","statementMap":{"0":{"start":{"line":2,"column":2},"end":{"line":8,"column":4}},"1":{"start":{"line":12,"column":2},"end":{"line":15,"column":5}},"2":{"start":{"line":19,"column":2},"end":{"line":26,"column":5}},"3":{"start":{"line":29,"column":0},"end":{"line":32,"column":2}}},"fnMap":{"0":{"name":"json","decl":{"start":{"line":1,"column":9},"end":{"line":1,"column":13}},"loc":{"start":{"line":1,"column":31},"end":{"line":9,"column":1}},"line":1},"1":{"name":"ok","decl":{"start":{"line":11,"column":9},"end":{"line":11,"column":11}},"loc":{"start":{"line":11,"column":32},"end":{"line":16,"column":1}},"line":11},"2":{"name":"fail","decl":{"start":{"line":18,"column":9},"end":{"line":18,"column":13}},"loc":{"start":{"line":18,"column":46},"end":{"line":27,"column":1}},"line":18}},"branchMap":{"0":{"loc":{"start":{"line":11,"column":18},"end":{"line":11,"column":30}},"type":"default-arg","locations":[{"start":{"line":11,"column":27},"end":{"line":11,"column":30}}],"line":11},"1":{"loc":{"start":{"line":24,"column":10},"end":{"line":24,"column":36}},"type":"cond-expr","locations":[{"start":{"line":24,"column":20},"end":{"line":24,"column":31}},{"start":{"line":24,"column":34},"end":{"line":24,"column":36}}],"line":24}},"s":{"0":49,"1":20,"2":29,"3":6},"f":{"0":49,"1":20,"2":29},"b":{"0":[16],"1":[3,26]},"_coverageSchema":"1a1c01bbd47fc00a2c39e90264f33305004495a9","hash":"e1bae0da6fd3d7e25fd3cd6d036454412bfb1512"}
,"/home/runner/work/swearjar/swearjar/api/src/lib/odata.js": {"path":"/home/runner/work/swearjar/swearjar/api/src/lib/odata.js","statementMap":{"0":{"start":{"line":2,"column":2},"end":{"line":2,"column":43}},"1":{"start":{"line":5,"column":0},"end":{"line":5,"column":33}}},"fnMap":{"0":{"name":"escapeOdata","decl":{"start":{"line":1,"column":9},"end":{"line":1,"column":20}},"loc":{"start":{"line":1,"column":28},"end":{"line":3,"column":1}},"line":1}},"branchMap":{},"s":{"0":24,"1":4},"f":{"0":24},"b":{},"_coverageSchema":"1a1c01bbd47fc00a2c39e90264f33305004495a9","hash":"551c85e6944a050196f913a7066240b02772802d"}
}
