TN:
SF:src/functions/logSwear.js
FN:6,buildPartitionKey
FN:10,buildRowKey
FN:14,parseBody
FN:47,logSwearHandler
FNF:4
FNH:4
FNDA:4,buildPartitionKey
FNDA:4,buildRowKey
FNDA:8,parseBody
FNDA:8,logSwearHandler
DA:1,1
DA:2,1
DA:3,1
DA:4,1
DA:7,4
DA:11,4
DA:15,8
DA:16,8
DA:17,8
DA:18,7
DA:24,1
DA:25,1
DA:28,0
DA:33,0
DA:36,0
DA:37,0
DA:38,0
DA:40,0
DA:44,0
DA:48,8
DA:49,8
DA:50,8
DA:52,8
DA:53,3
DA:57,5
DA:58,5
DA:60,1
DA:63,4
DA:64,4
DA:66,4
DA:75,4
DA:76,4
DA:78,3
DA:85,1
DA:86,0
DA:88,1
DA:89,1
DA:93,1
LF:38
LH:30
BRDA:15,0,0,8
BRDA:15,0,1,0
BRDA:18,1,0,7
BRDA:18,1,1,0
BRDA:18,2,0,7
BRDA:18,2,1,7
BRDA:24,3,0,1
BRDA:24,3,1,0
BRDA:28,4,0,0
BRDA:28,4,1,0
BRDA:29,5,0,0
BRDA:29,5,1,0
BRDA:29,5,2,0
BRDA:36,6,0,0
BRDA:36,6,1,0
BRDA:50,7,0,6
BRDA:50,7,1,2
BRDA:52,8,0,3
BRDA:52,8,1,5
BRDA:85,9,0,0
BRDA:85,9,1,1
BRF:21
BRH:10
end_of_record
TN:
SF:src/functions/resetJar.js
FN:5,resetJarHandler
FNF:1
FNH:1
FNDA:7,resetJarHandler
DA:1,1
DA:2,1
DA:3,1
DA:6,7
DA:8,7
DA:9,7
DA:10,6
DA:12,1
DA:15,7
DA:16,3
DA:19,4
DA:20,4
DA:21,4
DA:23,4
DA:24,4
DA:31,3
DA:32,3
DA:33,4
DA:34,3
DA:37,2
DA:39,2
DA:40,2
DA:44,1
LF:23
LH:23
BRDA:10,0,0,5
BRDA:10,0,1,1
BRDA:15,1,0,3
BRDA:15,1,1,4
BRF:4
BRH:4
end_of_record
TN:
SF:src/functions/summary.js
FN:6,parsePositiveInt
FN:11,summaryHandler
FNF:2
FNH:2
FNDA:7,parsePositiveInt
FNDA:9,summaryHandler
DA:1,1
DA:2,1
DA:3,1
DA:4,1
DA:7,7
DA:8,7
DA:12,9
DA:13,9
DA:14,9
DA:15,2
DA:18,7
DA:19,7
DA:20,7
DA:21,7
DA:23,7
DA:24,7
DA:30,6
DA:31,6
DA:32,6
DA:33,6
DA:35,6
DA:36,9
DA:37,9
DA:38,9
DA:39,9
DA:40,2
DA:45,6
DA:46,6
DA:47,6
DA:48,6
DA:49,6
DA:52,6
DA:61,1
DA:62,1
DA:66,1
LF:35
LH:35
BRDA:8,0,0,6
BRDA:8,0,1,1
BRDA:8,1,0,7
BRDA:8,1,1,1
BRDA:13,2,0,9
BRDA:13,2,1,1
BRDA:14,3,0,2
BRDA:14,3,1,7
BRDA:36,4,0,9
BRDA:36,4,1,1
BRDA:37,5,0,9
BRDA:37,5,1,8
BRDA:39,6,0,2
BRDA:39,6,1,7
BRDA:54,7,0,6
BRDA:54,7,1,6
BRF:16
BRH:16
end_of_record
TN:
SF:src/functions/todayStats.js
FN:6,getLastSevenDayKeys
FN:16,todayStatsHandler
FN:47,(anonymous_2)
FN:49,(anonymous_3)
FNF:4
FNH:4
FNDA:6,getLastSevenDayKeys
FNDA:9,todayStatsHandler
FNDA:15,(anonymous_2)
FNDA:42,(anonymous_3)
DA:1,1
DA:2,1
DA:3,1
DA:4,1
DA:7,6
DA:8,6
DA:9,42
DA:10,42
DA:11,42
DA:13,6
DA:17,9
DA:18,9
DA:19,9
DA:20,2
DA:23,7
DA:24,7
DA:25,7
DA:27,7
DA:28,7
DA:34,6
DA:35,6
DA:36,6
DA:38,6
DA:39,19
DA:40,19
DA:42,19
DA:43,18
DA:47,15
DA:49,42
DA:54,6
DA:62,1
DA:63,1
DA:67,1
LF:33
LH:33
BRDA:18,0,0,9
BRDA:18,0,1,1
BRDA:19,1,0,2
BRDA:19,1,1,7
BRDA:39,2,0,19
BRDA:39,2,1,0
BRDA:40,3,0,19
BRDA:40,3,1,4
BRDA:42,4,0,18
BRDA:42,4,1,1
BRDA:43,5,0,18
BRDA:43,5,1,1
BRDA:43,5,2,0
BRDA:51,6,0,42
BRDA:51,6,1,38
BRF:15
BRH:13
end_of_record
TN:
SF:src/functions/undoSwear.js
FN:4,undoSwearHandler
FNF:1
FNH:1
FNDA:9,undoSwearHandler
DA:1,1
DA:2,1
DA:5,9
DA:7,9
DA:8,9
DA:10,1
DA:13,8
DA:14,8
DA:15,2
DA:18,6
DA:19,6
DA:21,6
DA:22,2
DA:25,4
DA:26,1
DA:29,3
DA:30,3
DA:32,1
DA:34,2
DA:35,1
DA:37,1
DA:38,1
DA:42,1
LF:23
LH:23
BRDA:13,0,0,7
BRDA:13,0,1,1
BRDA:14,1,0,2
BRDA:14,1,1,6
BRDA:18,2,0,5
BRDA:18,2,1,1
BRDA:19,3,0,5
BRDA:19,3,1,1
BRDA:21,4,0,2
BRDA:21,4,1,4
BRDA:21,5,0,6
BRDA:21,5,1,5
BRDA:25,6,0,1
BRDA:25,6,1,3
BRDA:34,7,0,1
BRDA:34,7,1,1
BRF:16
BRH:16
end_of_record
TN:
SF:src/lib/dateUtils.js
FN:8,toDate
FN:21,formatDatePart
FN:26,(anonymous_2)
FN:29,normalizeTimestamp
FN:38,todayKey
FNF:5
FNH:5
FNDA:10,toDate
FNDA:67,formatDatePart
FNDA:201,(anonymous_2)
FNDA:10,normalizeTimestamp
FNDA:14,todayKey
DA:6,13
DA:9,10
DA:10,5
DA:13,5
DA:14,5
DA:15,2
DA:18,3
DA:22,67
DA:23,67
DA:24,67
DA:26,201
DA:30,10
DA:31,8
DA:39,14
DA:42,13
LF:15
LH:15
BRDA:6,0,0,13
BRDA:6,0,1,12
BRDA:9,1,0,5
BRDA:9,1,1,5
BRDA:14,2,0,2
BRDA:14,2,1,3
BRDA:22,3,0,1
BRDA:22,3,1,66
BRDA:23,4,0,1
BRDA:23,4,1,66
BRDA:24,5,0,1
BRDA:24,5,1,66
BRF:12
BRH:12
end_of_record
TN:
SF:src/lib/http.js
FN:1,json
FN:11,ok
FN:18,fail
FNF:3
FNH:3
FNDA:49,json
FNDA:20,ok
FNDA:29,fail
DA:2,49
DA:12,20
DA:19,29
DA:29,6
LF:4
LH:4
BRDA:11,0,0,16
BRDA:24,1,0,3
BRDA:24,1,1,26
BRF:3
BRH:3
end_of_record
TN:
SF:src/lib/odata.js
FN:1,escapeOdata
FNF:1
FNH:1
FNDA:24,escapeOdata
DA:2,24
DA:5,4
LF:2
LH:2
BRF:0
BRH:0
end_of_record
